android/app/build/outputs/logs/manifest-merger-debug-report.txt
-- Merging decision tree log ---
manifest
ADDED from src/main/AndroidManifest.xml:1:1-54:12
INJECTED from src/main/AndroidManifest.xml:1:1-54:12
INJECTED from src/main/AndroidManifest.xml:1:1-54:12
INJECTED from src/main/AndroidManifest.xml:1:1-54:12
MERGED from src/main/AndroidManifest.xml:1:1-54:12
MERGED from [com.facebook.flipper:flipper-network-plugin:0.125.0] AndroidManifest.xml:8:1-15:12
MERGED from [com.facebook.flipper:flipper-fresco-plugin:0.125.0] AndroidManifest.xml:8:1-15:12
MERGED from [com.facebook.flipper:flipper:0.125.0] AndroidManifest.xml:8:1-18:12
MERGED from [:react-native-async-storage_async-storage] AndroidManifest.xml:2:1-9:12
MERGED from [:react-native-community_masked-view] AndroidManifest.xml:2:1-9:12
MERGED from [:react-native-firebase_messaging] AndroidManifest.xml:2:1-45:12
MERGED from [:react-native-firebase_app] AndroidManifest.xml:2:1-32:12
MERGED from [:react-native-picker_picker] AndroidManifest.xml:2:1-9:12
MERGED from [:react-native-gesture-handler] AndroidManifest.xml:2:1-9:12
MERGED from [:react-native-image-picker] AndroidManifest.xml:2:1-21:12
MERGED from [:react-native-pager-view] AndroidManifest.xml:2:1-9:12
MERGED from [:react-native-push-notification] AndroidManifest.xml:2:1-9:12
MERGED from [:react-native-safe-area-context] AndroidManifest.xml:2:1-9:12
MERGED from [:react-native-screens] AndroidManifest.xml:2:1-9:12
MERGED from [:react-native-vector-icons] AndroidManifest.xml:2:1-9:12
MERGED from [com.facebook.react:react-android:0.71.2] AndroidManifest.xml:2:1-11:12
MERGED from [androidx.swiperefreshlayout:swiperefreshlayout:1.0.0] AndroidManifest.xml:17:1-22:12
MERGED from [com.google.firebase:firebase-analytics:21.2.1] AndroidManifest.xml:2:1-9:12
MERGED from [com.facebook.react:hermes-android:0.71.2] AndroidManifest.xml:2:1-9:12
MERGED from [:react-native-reanimated] AndroidManifest.xml:2:1-9:12
MERGED from [com.facebook.fbjni:fbjni:0.3.0] AndroidManifest.xml:2:1-9:12
MERGED from [com.facebook.fresco:flipper:2.6.0] AndroidManifest.xml:2:1-9:12
MERGED from [com.facebook.fresco:stetho:2.6.0] AndroidManifest.xml:2:1-9:12
MERGED from [com.facebook.fresco:fresco:2.6.0] AndroidManifest.xml:2:1-9:12
MERGED from [com.facebook.fresco:soloader:2.6.0] AndroidManifest.xml:2:1-9:12
MERGED from [com.facebook.fresco:imagepipeline-okhttp3:2.5.0] AndroidManifest.xml:2:1-9:12
MERGED from [com.facebook.fresco:drawee:2.6.0] AndroidManifest.xml:2:1-9:12
MERGED from [com.facebook.fresco:nativeimagefilters:2.6.0] AndroidManifest.xml:2:1-9:12
MERGED from [com.facebook.fresco:memory-type-native:2.6.0] AndroidManifest.xml:2:1-9:12
MERGED from [com.facebook.fresco:memory-type-java:2.6.0] AndroidManifest.xml:2:1-9:12
MERGED from [com.facebook.fresco:imagepipeline-native:2.6.0] AndroidManifest.xml:2:1-9:12
MERGED from [com.facebook.soloader:soloader:0.10.4] AndroidManifest.xml:2:1-13:12
MERGED from [com.facebook.fresco:memory-type-ashmem:2.6.0] AndroidManifest.xml:2:1-9:12
MERGED from [com.facebook.fresco:imagepipeline:2.6.0] AndroidManifest.xml:2:1-9:12
MERGED from [com.facebook.fresco:nativeimagetranscoder:2.6.0] AndroidManifest.xml:2:1-9:12
MERGED from [com.facebook.fresco:imagepipeline-base:2.6.0] AndroidManifest.xml:2:1-9:12
MERGED from [com.google.android.material:material:1.1.0] AndroidManifest.xml:17:1-24:12
MERGED from [androidx.appcompat:appcompat:1.4.1] AndroidManifest.xml:17:1-24:12
MERGED from [androidx.sqlite:sqlite-framework:2.1.0] AndroidManifest.xml:17:1-24:12
MERGED from [androidx.appcompat:appcompat-resources:1.4.1] AndroidManifest.xml:17:1-24:12
MERGED from [androidx.autofill:autofill:1.1.0] AndroidManifest.xml:17:1-24:12
MERGED from [com.google.android.gms:play-services-auth:20.3.0] AndroidManifest.xml:17:1-40:12
MERGED from [androidx.viewpager2:viewpager2:1.0.0] AndroidManifest.xml:17:1-24:12
MERGED from [com.google.firebase:firebase-messaging:23.1.2] AndroidManifest.xml:17:1-61:12
MERGED from [com.google.android.gms:play-services-auth-api-phone:18.0.1] AndroidManifest.xml:2:1-7:12
MERGED from [com.google.android.gms:play-services-auth-base:18.0.4] AndroidManifest.xml:2:1-7:12
MERGED from [com.google.android.gms:play-services-base:18.0.1] AndroidManifest.xml:16:1-24:12
MERGED from [com.google.android.gms:play-services-measurement-api:21.2.1] AndroidManifest.xml:17:1-37:12
MERGED from [com.google.firebase:firebase-datatransport:18.1.7] AndroidManifest.xml:15:1-33:12
MERGED from [com.google.firebase:firebase-installations:17.1.3] AndroidManifest.xml:2:1-23:12
MERGED from [com.google.firebase:firebase-common:20.3.2] AndroidManifest.xml:15:1-39:12
MERGED from [com.google.android.gms:play-services-measurement:21.2.1] AndroidManifest.xml:17:1-46:12
MERGED from [com.google.android.gms:play-services-measurement-sdk:21.2.1] AndroidManifest.xml:17:1-25:12
MERGED from [com.google.android.gms:play-services-measurement-impl:21.2.1] AndroidManifest.xml:17:1-32:12
MERGED from [com.google.android.gms:play-services-stats:17.0.2] AndroidManifest.xml:2:1-9:12
MERGED from [com.google.firebase:firebase-measurement-connector:19.0.0] AndroidManifest.xml:17:1-25:12
MERGED from [com.google.firebase:firebase-iid-interop:17.1.0] AndroidManifest.xml:2:1-10:12
MERGED from [com.google.android.gms:play-services-cloud-messaging:17.0.1] AndroidManifest.xml:2:1-13:12
MERGED from [com.google.firebase:firebase-installations-interop:17.1.0] AndroidManifest.xml:15:1-22:12
MERGED from [com.google.android.gms:play-services-tasks:18.0.2] AndroidManifest.xml:2:1-6:12
MERGED from [com.google.android.gms:play-services-ads-identifier:18.0.0] AndroidManifest.xml:17:1-27:12
MERGED from [com.google.android.gms:play-services-measurement-sdk-api:21.2.1] AndroidManifest.xml:17:1-28:12
MERGED from [com.google.android.gms:play-services-measurement-base:21.2.1] AndroidManifest.xml:2:1-9:12
MERGED from [com.google.android.gms:play-services-basement:18.1.0] AndroidManifest.xml:16:1-26:12
MERGED from [androidx.fragment:fragment:1.3.6] AndroidManifest.xml:17:1-24:12
MERGED from [androidx.activity:activity:1.2.4] AndroidManifest.xml:17:1-24:12
MERGED from [androidx.emoji2:emoji2-views-helper:1.0.0] AndroidManifest.xml:17:1-24:12
MERGED from [androidx.emoji2:emoji2:1.0.0] AndroidManifest.xml:17:1-37:12
MERGED from [androidx.lifecycle:lifecycle-process:2.4.0] AndroidManifest.xml:17:1-37:12
MERGED from [androidx.startup:startup-runtime:1.0.0] AndroidManifest.xml:17:1-33:12
MERGED from [androidx.tracing:tracing:1.1.0] AndroidManifest.xml:17:1-24:12
MERGED from [com.facebook.fresco:middleware:2.6.0] AndroidManifest.xml:2:1-9:12
MERGED from [com.facebook.fresco:ui-common:2.6.0] AndroidManifest.xml:2:1-9:12
MERGED from [com.google.android.datatransport:transport-backend-cct:3.1.8] AndroidManifest.xml:15:1-37:12
MERGED from [com.google.android.datatransport:transport-runtime:3.1.8] AndroidManifest.xml:15:1-41:12
MERGED from [com.google.firebase:firebase-components:17.1.0] AndroidManifest.xml:15:1-22:12
MERGED from [androidx.vectordrawable:vectordrawable-animated:1.1.0] AndroidManifest.xml:17:1-24:12
MERGED from [androidx.interpolator:interpolator:1.0.0] AndroidManifest.xml:17:1-22:12
MERGED from [androidx.core:core-ktx:1.6.0] AndroidManifest.xml:2:1-9:12
MERGED from [androidx.exifinterface:exifinterface:1.3.3] AndroidManifest.xml:17:1-24:12
MERGED from [androidx.coordinatorlayout:coordinatorlayout:1.1.0] AndroidManifest.xml:17:1-24:12
MERGED from [androidx.sqlite:sqlite:2.1.0] AndroidManifest.xml:17:1-24:12
MERGED from [androidx.drawerlayout:drawerlayout:1.0.0] AndroidManifest.xml:17:1-22:12
MERGED from [androidx.vectordrawable:vectordrawable:1.1.0] AndroidManifest.xml:17:1-24:12
MERGED from [androidx.legacy:legacy-support-core-utils:1.0.0] AndroidManifest.xml:17:1-22:12
MERGED from [androidx.loader:loader:1.0.0] AndroidManifest.xml:17:1-22:12
MERGED from [androidx.recyclerview:recyclerview:1.1.0] AndroidManifest.xml:17:1-24:12
MERGED from [androidx.viewpager:viewpager:1.0.0] AndroidManifest.xml:17:1-22:12
MERGED from [androidx.customview:customview:1.0.0] AndroidManifest.xml:17:1-22:12
MERGED from [androidx.transition:transition:1.2.0] AndroidManifest.xml:17:1-24:12
MERGED from [androidx.core:core:1.7.0] AndroidManifest.xml:17:1-26:12
MERGED from [androidx.cursoradapter:cursoradapter:1.0.0] AndroidManifest.xml:17:1-22:12
MERGED from [androidx.lifecycle:lifecycle-viewmodel-savedstate:2.3.1] AndroidManifest.xml:17:1-24:12
MERGED from [androidx.savedstate:savedstate:1.1.0] AndroidManifest.xml:17:1-24:12
MERGED from [androidx.lifecycle:lifecycle-viewmodel:2.3.1] AndroidManifest.xml:17:1-24:12
MERGED from [androidx.versionedparcelable:versionedparcelable:1.1.1] AndroidManifest.xml:17:1-27:12
MERGED from [androidx.cardview:cardview:1.0.0] AndroidManifest.xml:17:1-22:12
MERGED from [androidx.lifecycle:lifecycle-livedata:2.0.0] AndroidManifest.xml:17:1-22:12
MERGED from [androidx.lifecycle:lifecycle-livedata-core:2.3.1] AndroidManifest.xml:17:1-24:12
MERGED from [androidx.lifecycle:lifecycle-runtime:2.4.0] AndroidManifest.xml:17:1-24:12
MERGED from [androidx.arch.core:core-runtime:2.1.0] AndroidManifest.xml:17:1-24:12
MERGED from [com.google.android.datatransport:transport-api:3.0.0] AndroidManifest.xml:15:1-22:12
MERGED from [com.google.firebase:firebase-encoders-json:18.0.0] AndroidManifest.xml:15:1-23:12
MERGED from [androidx.documentfile:documentfile:1.0.0] AndroidManifest.xml:17:1-22:12
MERGED from [androidx.localbroadcastmanager:localbroadcastmanager:1.0.0] AndroidManifest.xml:17:1-22:12
MERGED from [androidx.print:print:1.0.0] AndroidManifest.xml:17:1-22:12
MERGED from [me.leolin:ShortcutBadger:1.1.22] AndroidManifest.xml:2:1-52:12
MERGED from [com.facebook.fresco:fbcore:2.6.0] AndroidManifest.xml:2:1-9:12
MERGED from [androidx.annotation:annotation-experimental:1.1.0] AndroidManifest.xml:17:1-24:12
INJECTED from src/debug/AndroidManifest.xml:2:1-13:12
INJECTED from src/debug/AndroidManifest.xml:2:1-13:12
INJECTED from src/debug/AndroidManifest.xml:2:1-13:12
	package
		ADDED from src/main/AndroidManifest.xml:2:1-26
		INJECTED from src/main/AndroidManifest.xml
		ADDED from src/main/AndroidManifest.xml:2:1-26
		INJECTED from src/debug/AndroidManifest.xml
	android:versionName
		INJECTED from src/main/AndroidManifest.xml
		ADDED from src/main/AndroidManifest.xml:1:1-54:12
		INJECTED from src/debug/AndroidManifest.xml
	xmlns:tools
		ADDED from src/debug/AndroidManifest.xml:3:5-51
	android:versionCode
		INJECTED from src/main/AndroidManifest.xml
		ADDED from src/main/AndroidManifest.xml:1:1-54:12
		INJECTED from src/debug/AndroidManifest.xml
	xmlns:android
		ADDED from src/main/AndroidManifest.xml:1:11-69
uses-permission#android.permission.INTERNET
ADDED from src/main/AndroidManifest.xml:4:5-67
MERGED from [com.facebook.flipper:flipper:0.125.0] AndroidManifest.xml:15:5-67
MERGED from [com.facebook.flipper:flipper:0.125.0] AndroidManifest.xml:15:5-67
MERGED from [:react-native-firebase_messaging] AndroidManifest.xml:9:5-67
MERGED from [:react-native-firebase_messaging] AndroidManifest.xml:9:5-67
MERGED from [com.google.android.gms:play-services-measurement-api:21.2.1] AndroidManifest.xml:22:5-67
MERGED from [com.google.android.gms:play-services-measurement-api:21.2.1] AndroidManifest.xml:22:5-67
MERGED from [com.google.firebase:firebase-installations:17.1.3] AndroidManifest.xml:10:5-67
MERGED from [com.google.firebase:firebase-installations:17.1.3] AndroidManifest.xml:10:5-67
MERGED from [com.google.android.gms:play-services-measurement:21.2.1] AndroidManifest.xml:23:5-67
MERGED from [com.google.android.gms:play-services-measurement:21.2.1] AndroidManifest.xml:23:5-67
MERGED from [com.google.android.gms:play-services-measurement-impl:21.2.1] AndroidManifest.xml:23:5-67
MERGED from [com.google.android.gms:play-services-measurement-impl:21.2.1] AndroidManifest.xml:23:5-67
MERGED from [com.google.android.gms:play-services-cloud-messaging:17.0.1] AndroidManifest.xml:8:5-67
MERGED from [com.google.android.gms:play-services-cloud-messaging:17.0.1] AndroidManifest.xml:8:5-67
MERGED from [com.google.android.gms:play-services-measurement-sdk-api:21.2.1] AndroidManifest.xml:23:5-67
MERGED from [com.google.android.gms:play-services-measurement-sdk-api:21.2.1] AndroidManifest.xml:23:5-67
MERGED from [com.google.android.datatransport:transport-backend-cct:3.1.8] AndroidManifest.xml:25:5-67
MERGED from [com.google.android.datatransport:transport-backend-cct:3.1.8] AndroidManifest.xml:25:5-67
	android:name
		ADDED from src/main/AndroidManifest.xml:4:22-64
uses-permission#android.permission.VIBRATE
ADDED from src/main/AndroidManifest.xml:5:5-66
	android:name
		ADDED from src/main/AndroidManifest.xml:5:22-63
uses-permission#android.permission.RECEIVE_BOOT_COMPLETED
ADDED from src/main/AndroidManifest.xml:6:5-80
	android:name
		ADDED from src/main/AndroidManifest.xml:6:22-78
application
ADDED from src/main/AndroidManifest.xml:8:5-53:19
MERGED from src/main/AndroidManifest.xml:8:5-53:19
MERGED from src/main/AndroidManifest.xml:8:5-53:19
MERGED from [:react-native-firebase_messaging] AndroidManifest.xml:13:5-43:19
MERGED from [:react-native-firebase_messaging] AndroidManifest.xml:13:5-43:19
MERGED from [:react-native-firebase_app] AndroidManifest.xml:10:5-30:19
MERGED from [:react-native-firebase_app] AndroidManifest.xml:10:5-30:19
MERGED from [:react-native-image-picker] AndroidManifest.xml:9:5-19:19
MERGED from [:react-native-image-picker] AndroidManifest.xml:9:5-19:19
MERGED from [com.facebook.react:react-android:0.71.2] AndroidManifest.xml:9:5-20
MERGED from [com.facebook.react:react-android:0.71.2] AndroidManifest.xml:9:5-20
MERGED from [com.google.firebase:firebase-analytics:21.2.1] AndroidManifest.xml:7:5-20
MERGED from [com.google.firebase:firebase-analytics:21.2.1] AndroidManifest.xml:7:5-20
MERGED from [com.facebook.soloader:soloader:0.10.4] AndroidManifest.xml:11:5-20
MERGED from [com.facebook.soloader:soloader:0.10.4] AndroidManifest.xml:11:5-20
MERGED from [com.google.android.material:material:1.1.0] AndroidManifest.xml:22:5-20
MERGED from [com.google.android.material:material:1.1.0] AndroidManifest.xml:22:5-20
MERGED from [com.google.android.gms:play-services-auth:20.3.0] AndroidManifest.xml:22:5-38:19
MERGED from [com.google.android.gms:play-services-auth:20.3.0] AndroidManifest.xml:22:5-38:19
MERGED from [com.google.firebase:firebase-messaging:23.1.2] AndroidManifest.xml:30:5-59:19
MERGED from [com.google.firebase:firebase-messaging:23.1.2] AndroidManifest.xml:30:5-59:19
MERGED from [com.google.android.gms:play-services-base:18.0.1] AndroidManifest.xml:19:5-23:19
MERGED from [com.google.android.gms:play-services-base:18.0.1] AndroidManifest.xml:19:5-23:19
MERGED from [com.google.android.gms:play-services-measurement-api:21.2.1] AndroidManifest.xml:27:5-35:19
MERGED from [com.google.android.gms:play-services-measurement-api:21.2.1] AndroidManifest.xml:27:5-35:19
MERGED from [com.google.firebase:firebase-datatransport:18.1.7] AndroidManifest.xml:23:5-31:19
MERGED from [com.google.firebase:firebase-datatransport:18.1.7] AndroidManifest.xml:23:5-31:19
MERGED from [com.google.firebase:firebase-installations:17.1.3] AndroidManifest.xml:13:5-21:19
MERGED from [com.google.firebase:firebase-installations:17.1.3] AndroidManifest.xml:13:5-21:19
MERGED from [com.google.firebase:firebase-common:20.3.2] AndroidManifest.xml:24:5-37:19
MERGED from [com.google.firebase:firebase-common:20.3.2] AndroidManifest.xml:24:5-37:19
MERGED from [com.google.android.gms:play-services-measurement:21.2.1] AndroidManifest.xml:28:5-44:19
MERGED from [com.google.android.gms:play-services-measurement:21.2.1] AndroidManifest.xml:28:5-44:19
MERGED from [com.google.android.gms:play-services-measurement-sdk:21.2.1] AndroidManifest.xml:22:5-23:19
MERGED from [com.google.android.gms:play-services-measurement-sdk:21.2.1] AndroidManifest.xml:22:5-23:19
MERGED from [com.google.android.gms:play-services-measurement-impl:21.2.1] AndroidManifest.xml:29:5-30:19
MERGED from [com.google.android.gms:play-services-measurement-impl:21.2.1] AndroidManifest.xml:29:5-30:19
MERGED from [com.google.android.gms:play-services-stats:17.0.2] AndroidManifest.xml:7:5-20
MERGED from [com.google.android.gms:play-services-stats:17.0.2] AndroidManifest.xml:7:5-20
MERGED from [com.google.firebase:firebase-measurement-connector:19.0.0] AndroidManifest.xml:22:5-23:19
MERGED from [com.google.firebase:firebase-measurement-connector:19.0.0] AndroidManifest.xml:22:5-23:19
MERGED from [com.google.firebase:firebase-iid-interop:17.1.0] AndroidManifest.xml:7:5-8:19
MERGED from [com.google.firebase:firebase-iid-interop:17.1.0] AndroidManifest.xml:7:5-8:19
MERGED from [com.google.android.gms:play-services-tasks:18.0.2] AndroidManifest.xml:5:5-20
MERGED from [com.google.android.gms:play-services-tasks:18.0.2] AndroidManifest.xml:5:5-20
MERGED from [com.google.android.gms:play-services-ads-identifier:18.0.0] AndroidManifest.xml:25:5-20
MERGED from [com.google.android.gms:play-services-ads-identifier:18.0.0] AndroidManifest.xml:25:5-20
MERGED from [com.google.android.gms:play-services-measurement-base:21.2.1] AndroidManifest.xml:7:5-20
MERGED from [com.google.android.gms:play-services-measurement-base:21.2.1] AndroidManifest.xml:7:5-20
MERGED from [com.google.android.gms:play-services-basement:18.1.0] AndroidManifest.xml:20:5-24:19
MERGED from [com.google.android.gms:play-services-basement:18.1.0] AndroidManifest.xml:20:5-24:19
MERGED from [androidx.emoji2:emoji2:1.0.0] AndroidManifest.xml:25:5-35:19
MERGED from [androidx.emoji2:emoji2:1.0.0] AndroidManifest.xml:25:5-35:19
MERGED from [androidx.lifecycle:lifecycle-process:2.4.0] AndroidManifest.xml:25:5-35:19
MERGED from [androidx.lifecycle:lifecycle-process:2.4.0] AndroidManifest.xml:25:5-35:19
MERGED from [androidx.startup:startup-runtime:1.0.0] AndroidManifest.xml:25:5-31:19
MERGED from [androidx.startup:startup-runtime:1.0.0] AndroidManifest.xml:25:5-31:19
MERGED from [com.google.android.datatransport:transport-backend-cct:3.1.8] AndroidManifest.xml:27:5-35:19
MERGED from [com.google.android.datatransport:transport-backend-cct:3.1.8] AndroidManifest.xml:27:5-35:19
MERGED from [com.google.android.datatransport:transport-runtime:3.1.8] AndroidManifest.xml:25:5-39:19
MERGED from [com.google.android.datatransport:transport-runtime:3.1.8] AndroidManifest.xml:25:5-39:19
MERGED from [androidx.core:core:1.7.0] AndroidManifest.xml:24:5-89
MERGED from [androidx.core:core:1.7.0] AndroidManifest.xml:24:5-89
MERGED from [androidx.versionedparcelable:versionedparcelable:1.1.1] AndroidManifest.xml:24:5-25:19
MERGED from [androidx.versionedparcelable:versionedparcelable:1.1.1] AndroidManifest.xml:24:5-25:19
	android:appComponentFactory
		ADDED from [androidx.core:core:1.7.0] AndroidManifest.xml:24:18-86
	android:label
		ADDED from src/main/AndroidManifest.xml:10:7-39
		ADDED from src/main/AndroidManifest.xml:10:7-39
	tools:ignore
		ADDED from src/debug/AndroidManifest.xml:10:9-48
	android:roundIcon
		ADDED from src/main/AndroidManifest.xml:12:7-52
		ADDED from src/main/AndroidManifest.xml:12:7-52
	tools:targetApi
		ADDED from src/debug/AndroidManifest.xml:9:9-29
	android:icon
		ADDED from src/main/AndroidManifest.xml:11:7-41
		ADDED from src/main/AndroidManifest.xml:11:7-41
	android:allowBackup
		ADDED from src/main/AndroidManifest.xml:13:7-34
		ADDED from src/main/AndroidManifest.xml:13:7-34
	android:theme
		ADDED from src/main/AndroidManifest.xml:14:7-38
		ADDED from src/main/AndroidManifest.xml:14:7-38
	android:usesCleartextTraffic
		ADDED from src/debug/AndroidManifest.xml:8:9-44
	android:name
		ADDED from src/main/AndroidManifest.xml:9:7-38
		ADDED from src/main/AndroidManifest.xml:9:7-38
activity#com.ryorimobile.MainActivity
ADDED from src/main/AndroidManifest.xml:15:7-27:18
	android:screenOrientation
		ADDED from src/main/AndroidManifest.xml:20:9-45
	android:label
		ADDED from src/main/AndroidManifest.xml:17:9-41
	android:launchMode
		ADDED from src/main/AndroidManifest.xml:19:9-40
	android:windowSoftInputMode
		ADDED from src/main/AndroidManifest.xml:21:9-51
	android:exported
		ADDED from src/main/AndroidManifest.xml:22:9-32
	android:configChanges
		ADDED from src/main/AndroidManifest.xml:18:9-118
	android:name
		ADDED from src/main/AndroidManifest.xml:16:9-37
intent-filter#action:name:android.intent.action.MAIN+category:name:android.intent.category.LAUNCHER
ADDED from src/main/AndroidManifest.xml:23:9-26:25
action#android.intent.action.MAIN
ADDED from src/main/AndroidManifest.xml:24:13-65
	android:name
		ADDED from src/main/AndroidManifest.xml:24:21-62
category#android.intent.category.LAUNCHER
ADDED from src/main/AndroidManifest.xml:25:13-73
	android:name
		ADDED from src/main/AndroidManifest.xml:25:23-70
meta-data#com.dieam.reactnativepushnotification.notification_foreground
ADDED from src/main/AndroidManifest.xml:29:9-30:44
	android:value
		ADDED from src/main/AndroidManifest.xml:30:21-42
	android:name
		ADDED from src/main/AndroidManifest.xml:29:21-97
meta-data#com.dieam.reactnativepushnotification.notification_color
ADDED from src/main/AndroidManifest.xml:32:9-33:54
	android:resource
		ADDED from src/main/AndroidManifest.xml:33:21-52
	android:name
		ADDED from src/main/AndroidManifest.xml:32:21-92
receiver#com.dieam.reactnativepushnotification.modules.RNPushNotificationActions
ADDED from src/main/AndroidManifest.xml:35:9-108
	android:name
		ADDED from src/main/AndroidManifest.xml:35:19-105
receiver#com.dieam.reactnativepushnotification.modules.RNPushNotificationPublisher
ADDED from src/main/AndroidManifest.xml:36:9-110
	android:name
		ADDED from src/main/AndroidManifest.xml:36:19-107
receiver#com.dieam.reactnativepushnotification.modules.RNPushNotificationBootEventReceiver
ADDED from src/main/AndroidManifest.xml:37:9-44:20
	android:exported
		ADDED from src/main/AndroidManifest.xml:38:9-32
	android:name
		ADDED from src/main/AndroidManifest.xml:37:19-115
intent-filter#action:name:android.intent.action.BOOT_COMPLETED+action:name:android.intent.action.QUICKBOOT_POWERON+action:name:com.htc.intent.action.QUICKBOOT_POWERON
ADDED from src/main/AndroidManifest.xml:39:13-43:29
action#android.intent.action.BOOT_COMPLETED
ADDED from src/main/AndroidManifest.xml:40:17-79
	android:name
		ADDED from src/main/AndroidManifest.xml:40:25-76
action#android.intent.action.QUICKBOOT_POWERON
ADDED from src/main/AndroidManifest.xml:41:17-82
	android:name
		ADDED from src/main/AndroidManifest.xml:41:25-79
action#com.htc.intent.action.QUICKBOOT_POWERON
ADDED from src/main/AndroidManifest.xml:42:17-81
	android:name
		ADDED from src/main/AndroidManifest.xml:42:25-79
service#com.dieam.reactnativepushnotification.modules.RNPushNotificationListenerService
ADDED from src/main/AndroidManifest.xml:46:9-52:19
	android:exported
		ADDED from src/main/AndroidManifest.xml:48:13-37
	android:name
		ADDED from src/main/AndroidManifest.xml:47:13-107
intent-filter#action:name:com.google.firebase.MESSAGING_EVENT
ADDED from src/main/AndroidManifest.xml:49:13-51:29
action#com.google.firebase.MESSAGING_EVENT
ADDED from src/main/AndroidManifest.xml:50:17-78
	android:name
		ADDED from src/main/AndroidManifest.xml:50:25-75
uses-sdk
INJECTED from src/main/AndroidManifest.xml reason: use-sdk injection requested
INJECTED from src/main/AndroidManifest.xml
INJECTED from src/main/AndroidManifest.xml
MERGED from [com.facebook.flipper:flipper-network-plugin:0.125.0] AndroidManifest.xml:11:5-13:41
MERGED from [com.facebook.flipper:flipper-network-plugin:0.125.0] AndroidManifest.xml:11:5-13:41
MERGED from [com.facebook.flipper:flipper-fresco-plugin:0.125.0] AndroidManifest.xml:11:5-13:41
MERGED from [com.facebook.flipper:flipper-fresco-plugin:0.125.0] AndroidManifest.xml:11:5-13:41
MERGED from [com.facebook.flipper:flipper:0.125.0] AndroidManifest.xml:11:5-13:41
MERGED from [com.facebook.flipper:flipper:0.125.0] AndroidManifest.xml:11:5-13:41
MERGED from [:react-native-async-storage_async-storage] AndroidManifest.xml:5:5-7:41
MERGED from [:react-native-async-storage_async-storage] AndroidManifest.xml:5:5-7:41
MERGED from [:react-native-community_masked-view] AndroidManifest.xml:5:5-7:41
MERGED from [:react-native-community_masked-view] AndroidManifest.xml:5:5-7:41
MERGED from [:react-native-firebase_messaging] AndroidManifest.xml:5:5-7:41
MERGED from [:react-native-firebase_messaging] AndroidManifest.xml:5:5-7:41
MERGED from [:react-native-firebase_app] AndroidManifest.xml:6:5-8:41
MERGED from [:react-native-firebase_app] AndroidManifest.xml:6:5-8:41
MERGED from [:react-native-picker_picker] AndroidManifest.xml:5:5-7:41
MERGED from [:react-native-picker_picker] AndroidManifest.xml:5:5-7:41
MERGED from [:react-native-gesture-handler] AndroidManifest.xml:5:5-7:41
MERGED from [:react-native-gesture-handler] AndroidManifest.xml:5:5-7:41
MERGED from [:react-native-image-picker] AndroidManifest.xml:5:5-7:41
MERGED from [:react-native-image-picker] AndroidManifest.xml:5:5-7:41
MERGED from [:react-native-pager-view] AndroidManifest.xml:5:5-7:41
MERGED from [:react-native-pager-view] AndroidManifest.xml:5:5-7:41
MERGED from [:react-native-push-notification] AndroidManifest.xml:5:5-7:41
MERGED from [:react-native-push-notification] AndroidManifest.xml:5:5-7:41
MERGED from [:react-native-safe-area-context] AndroidManifest.xml:5:5-7:41
MERGED from [:react-native-safe-area-context] AndroidManifest.xml:5:5-7:41
MERGED from [:react-native-screens] AndroidManifest.xml:5:5-7:41
MERGED from [:react-native-screens] AndroidManifest.xml:5:5-7:41
MERGED from [:react-native-vector-icons] AndroidManifest.xml:5:5-7:41
MERGED from [:react-native-vector-icons] AndroidManifest.xml:5:5-7:41
MERGED from [com.facebook.react:react-android:0.71.2] AndroidManifest.xml:5:5-7:41
MERGED from [com.facebook.react:react-android:0.71.2] AndroidManifest.xml:5:5-7:41
MERGED from [androidx.swiperefreshlayout:swiperefreshlayout:1.0.0] AndroidManifest.xml:20:5-44
MERGED from [androidx.swiperefreshlayout:swiperefreshlayout:1.0.0] AndroidManifest.xml:20:5-44
MERGED from [com.google.firebase:firebase-analytics:21.2.1] AndroidManifest.xml:5:5-44
MERGED from [com.google.firebase:firebase-analytics:21.2.1] AndroidManifest.xml:5:5-44
MERGED from [com.facebook.react:hermes-android:0.71.2] AndroidManifest.xml:5:5-7:41
MERGED from [com.facebook.react:hermes-android:0.71.2] AndroidManifest.xml:5:5-7:41
MERGED from [:react-native-reanimated] AndroidManifest.xml:5:5-7:41
MERGED from [:react-native-reanimated] AndroidManifest.xml:5:5-7:41
MERGED from [com.facebook.fbjni:fbjni:0.3.0] AndroidManifest.xml:5:5-7:41
MERGED from [com.facebook.fbjni:fbjni:0.3.0] AndroidManifest.xml:5:5-7:41
MERGED from [com.facebook.fresco:flipper:2.6.0] AndroidManifest.xml:5:5-7:41
MERGED from [com.facebook.fresco:flipper:2.6.0] AndroidManifest.xml:5:5-7:41
MERGED from [com.facebook.fresco:stetho:2.6.0] AndroidManifest.xml:5:5-7:41
MERGED from [com.facebook.fresco:stetho:2.6.0] AndroidManifest.xml:5:5-7:41
MERGED from [com.facebook.fresco:fresco:2.6.0] AndroidManifest.xml:5:5-7:41
MERGED from [com.facebook.fresco:fresco:2.6.0] AndroidManifest.xml:5:5-7:41
MERGED from [com.facebook.fresco:soloader:2.6.0] AndroidManifest.xml:5:5-7:41
MERGED from [com.facebook.fresco:soloader:2.6.0] AndroidManifest.xml:5:5-7:41
MERGED from [com.facebook.fresco:imagepipeline-okhttp3:2.5.0] AndroidManifest.xml:5:5-7:41
MERGED from [com.facebook.fresco:imagepipeline-okhttp3:2.5.0] AndroidManifest.xml:5:5-7:41
MERGED from [com.facebook.fresco:drawee:2.6.0] AndroidManifest.xml:5:5-7:41
MERGED from [com.facebook.fresco:drawee:2.6.0] AndroidManifest.xml:5:5-7:41
MERGED from [com.facebook.fresco:nativeimagefilters:2.6.0] AndroidManifest.xml:5:5-7:41
MERGED from [com.facebook.fresco:nativeimagefilters:2.6.0] AndroidManifest.xml:5:5-7:41
MERGED from [com.facebook.fresco:memory-type-native:2.6.0] AndroidManifest.xml:5:5-7:41
MERGED from [com.facebook.fresco:memory-type-native:2.6.0] AndroidManifest.xml:5:5-7:41
MERGED from [com.facebook.fresco:memory-type-java:2.6.0] AndroidManifest.xml:5:5-7:41
MERGED from [com.facebook.fresco:memory-type-java:2.6.0] AndroidManifest.xml:5:5-7:41
MERGED from [com.facebook.fresco:imagepipeline-native:2.6.0] AndroidManifest.xml:5:5-7:41
MERGED from [com.facebook.fresco:imagepipeline-native:2.6.0] AndroidManifest.xml:5:5-7:41
MERGED from [com.facebook.soloader:soloader:0.10.4] AndroidManifest.xml:7:5-9:41
MERGED from [com.facebook.soloader:soloader:0.10.4] AndroidManifest.xml:7:5-9:41
MERGED from [com.facebook.fresco:memory-type-ashmem:2.6.0] AndroidManifest.xml:5:5-7:41
MERGED from [com.facebook.fresco:memory-type-ashmem:2.6.0] AndroidManifest.xml:5:5-7:41
MERGED from [com.facebook.fresco:imagepipeline:2.6.0] AndroidManifest.xml:5:5-7:41
MERGED from [com.facebook.fresco:imagepipeline:2.6.0] AndroidManifest.xml:5:5-7:41
MERGED from [com.facebook.fresco:nativeimagetranscoder:2.6.0] AndroidManifest.xml:5:5-7:41
MERGED from [com.facebook.fresco:nativeimagetranscoder:2.6.0] AndroidManifest.xml:5:5-7:41
MERGED from [com.facebook.fresco:imagepipeline-base:2.6.0] AndroidManifest.xml:5:5-7:41
MERGED from [com.facebook.fresco:imagepipeline-base:2.6.0] AndroidManifest.xml:5:5-7:41
MERGED from [com.google.android.material:material:1.1.0] AndroidManifest.xml:20:5-44
MERGED from [com.google.android.material:material:1.1.0] AndroidManifest.xml:20:5-44
MERGED from [androidx.appcompat:appcompat:1.4.1] AndroidManifest.xml:20:5-22:41
MERGED from [androidx.appcompat:appcompat:1.4.1] AndroidManifest.xml:20:5-22:41
MERGED from [androidx.sqlite:sqlite-framework:2.1.0] AndroidManifest.xml:20:5-22:41
MERGED from [androidx.sqlite:sqlite-framework:2.1.0] AndroidManifest.xml:20:5-22:41
MERGED from [androidx.appcompat:appcompat-resources:1.4.1] AndroidManifest.xml:20:5-22:41
MERGED from [androidx.appcompat:appcompat-resources:1.4.1] AndroidManifest.xml:20:5-22:41
MERGED from [androidx.autofill:autofill:1.1.0] AndroidManifest.xml:20:5-22:41
MERGED from [androidx.autofill:autofill:1.1.0] AndroidManifest.xml:20:5-22:41
MERGED from [com.google.android.gms:play-services-auth:20.3.0] AndroidManifest.xml:20:5-44